0 info it worked if it ends with ok
1 verbose cli [ '/usr/bin/node',
1 verbose cli   '/usr/bin/npm',
1 verbose cli   'i',
1 verbose cli   'angular2-infinite-scroll',
1 verbose cli   '--save' ]
2 info using npm@3.5.2
3 info using node@v8.10.0
4 silly loadCurrentTree Starting
5 silly install loadCurrentTree
6 silly install readLocalPackageData
7 silly fetchPackageMetaData angular2-infinite-scroll
8 silly fetchNamedPackageData angular2-infinite-scroll
9 silly mapToRegistry name angular2-infinite-scroll
10 silly mapToRegistry using default registry
11 silly mapToRegistry registry https://registry.npmjs.org/
12 silly mapToRegistry uri https://registry.npmjs.org/angular2-infinite-scroll
13 verbose request uri https://registry.npmjs.org/angular2-infinite-scroll
14 verbose request no auth needed
15 info attempt registry request try #1 at 3:34:57 PM
16 verbose request id 8b9317c13fd153db
17 verbose etag W/"92dd90e12faa24c83997f4ad03b9cc7e"
18 verbose lastModified Sat, 26 May 2018 16:50:08 GMT
19 http request GET https://registry.npmjs.org/angular2-infinite-scroll
20 http 304 https://registry.npmjs.org/angular2-infinite-scroll
21 verbose headers { date: 'Wed, 24 Oct 2018 10:04:58 GMT',
21 verbose headers   connection: 'keep-alive',
21 verbose headers   'set-cookie':
21 verbose headers    [ '__cfduid=d5fb9393e1e996a8b62b71832e45312ca1540375498; expires=Thu, 24-Oct-19 10:04:58 GMT; path=/; domain=.registry.npmjs.org; HttpOnly' ],
21 verbose headers   'cf-cache-status': 'HIT',
21 verbose headers   'cache-control': 'max-age=300',
21 verbose headers   'cf-ray': '46eb9f548be42a7f-SEA',
21 verbose headers   etag: '"92dd90e12faa24c83997f4ad03b9cc7e"',
21 verbose headers   'expect-ct': 'max-age=604800, report-uri="https://report-uri.cloudflare.com/cdn-cgi/beacon/expect-ct"',
21 verbose headers   'last-modified': 'Sat, 26 May 2018 16:50:08 GMT',
21 verbose headers   vary: 'accept-encoding, accept',
21 verbose headers   server: 'cloudflare' }
22 silly get cb [ 304,
22 silly get   { date: 'Wed, 24 Oct 2018 10:04:58 GMT',
22 silly get     connection: 'keep-alive',
22 silly get     'set-cookie':
22 silly get      [ '__cfduid=d5fb9393e1e996a8b62b71832e45312ca1540375498; expires=Thu, 24-Oct-19 10:04:58 GMT; path=/; domain=.registry.npmjs.org; HttpOnly' ],
22 silly get     'cf-cache-status': 'HIT',
22 silly get     'cache-control': 'max-age=300',
22 silly get     'cf-ray': '46eb9f548be42a7f-SEA',
22 silly get     etag: '"92dd90e12faa24c83997f4ad03b9cc7e"',
22 silly get     'expect-ct': 'max-age=604800, report-uri="https://report-uri.cloudflare.com/cdn-cgi/beacon/expect-ct"',
22 silly get     'last-modified': 'Sat, 26 May 2018 16:50:08 GMT',
22 silly get     vary: 'accept-encoding, accept',
22 silly get     server: 'cloudflare' } ]
23 verbose etag https://registry.npmjs.org/angular2-infinite-scroll from cache
24 verbose get saving angular2-infinite-scroll to /home/gaurav/.npm/registry.npmjs.org/angular2-infinite-scroll/.cache.json
25 silly install normalizeTree
26 silly loadCurrentTree Finishing
27 silly loadIdealTree Starting
28 silly install loadIdealTree
29 silly cloneCurrentTree Starting
30 silly install cloneCurrentTreeToIdealTree
31 silly cloneCurrentTree Finishing
32 silly loadShrinkwrap Starting
33 silly install loadShrinkwrap
34 silly loadShrinkwrap Finishing
35 silly loadAllDepsIntoIdealTree Starting
36 silly install loadAllDepsIntoIdealTree
37 silly resolveWithNewModule angular2-infinite-scroll@0.3.5 checking installable status
38 silly cache add args [ 'angular2-infinite-scroll', null ]
39 verbose cache add spec angular2-infinite-scroll
40 silly cache add parsed spec Result {
40 silly cache add   raw: 'angular2-infinite-scroll',
40 silly cache add   scope: null,
40 silly cache add   name: 'angular2-infinite-scroll',
40 silly cache add   rawSpec: '',
40 silly cache add   spec: 'latest',
40 silly cache add   type: 'tag' }
41 silly addNamed angular2-infinite-scroll@latest
42 verbose addNamed "latest" is being treated as a dist-tag for angular2-infinite-scroll
43 info addNameTag [ 'angular2-infinite-scroll', 'latest' ]
44 silly mapToRegistry name angular2-infinite-scroll
45 silly mapToRegistry using default registry
46 silly mapToRegistry registry https://registry.npmjs.org/
47 silly mapToRegistry uri https://registry.npmjs.org/angular2-infinite-scroll
48 verbose addNameTag registry:https://registry.npmjs.org/angular2-infinite-scroll not in flight; fetching
49 verbose get https://registry.npmjs.org/angular2-infinite-scroll not expired, no request
50 silly addNameTag next cb for angular2-infinite-scroll with tag latest
51 silly addNamed angular2-infinite-scroll@0.3.5
52 verbose addNamed "0.3.5" is a plain semver version for angular2-infinite-scroll
53 silly cache afterAdd angular2-infinite-scroll@0.3.5
54 verbose afterAdd /home/gaurav/.npm/angular2-infinite-scroll/0.3.5/package/package.json not in flight; writing
55 verbose afterAdd /home/gaurav/.npm/angular2-infinite-scroll/0.3.5/package/package.json written
56 silly loadAllDepsIntoIdealTree Finishing
57 silly idealTree:prePrune jazz_webapp
57 silly idealTree:prePrune ├── angular2-infinite-scroll@0.3.5
57 silly idealTree:prePrune └── ngx-scroll-event@1.0.8
58 silly loadIdealTree Finishing
59 silly currentTree jazz_webapp
59 silly currentTree └── ngx-scroll-event@1.0.8
60 silly idealTree jazz_webapp
60 silly idealTree ├── angular2-infinite-scroll@0.3.5
60 silly idealTree └── ngx-scroll-event@1.0.8
61 silly generateActionsToTake Starting
62 silly install generateActionsToTake
63 warn checkPermissions Missing write access to /home/gaurav/latest-build/jazz_webapp/node_modules
64 silly rollbackFailedOptional Starting
65 silly rollbackFailedOptional Finishing
66 silly runTopLevelLifecycles Starting
67 silly runTopLevelLifecycles Finishing
68 silly install printInstalled
69 warn enoent ENOENT: no such file or directory, open '/home/gaurav/latest-build/jazz_webapp/package.json'
70 warn ngx-scroll-event@1.0.8 requires a peer of @angular/common@^2.4.0 but none was installed.
71 warn ngx-scroll-event@1.0.8 requires a peer of @angular/compiler@^2.4.5 but none was installed.
72 warn ngx-scroll-event@1.0.8 requires a peer of @angular/core@^2.4.0 but none was installed.
73 warn ngx-scroll-event@1.0.8 requires a peer of @angular/platform-browser@^2.4.5 but none was installed.
74 warn ngx-scroll-event@1.0.8 requires a peer of @angular/router@^3.2.0 but none was installed.
75 warn ngx-scroll-event@1.0.8 requires a peer of rxjs@^5.0.1 but none was installed.
76 warn ngx-scroll-event@1.0.8 requires a peer of zone.js@^0.7.2 but none was installed.
77 warn jazz_webapp No description
78 warn jazz_webapp No repository field.
79 warn jazz_webapp No README data
80 warn jazz_webapp No license field.
81 verbose stack Error: EACCES: permission denied, access '/home/gaurav/latest-build/jazz_webapp/node_modules'
82 verbose cwd /home/gaurav/latest-build/jazz_webapp
83 error Linux 4.15.0-36-generic
84 error argv "/usr/bin/node" "/usr/bin/npm" "i" "angular2-infinite-scroll" "--save"
85 error node v8.10.0
86 error npm  v3.5.2
87 error path /home/gaurav/latest-build/jazz_webapp/node_modules
88 error code EACCES
89 error errno -13
90 error syscall access
91 error Error: EACCES: permission denied, access '/home/gaurav/latest-build/jazz_webapp/node_modules'
91 error  { Error: EACCES: permission denied, access '/home/gaurav/latest-build/jazz_webapp/node_modules'
91 error   errno: -13,
91 error   code: 'EACCES',
91 error   syscall: 'access',
91 error   path: '/home/gaurav/latest-build/jazz_webapp/node_modules' }
92 error Please try running this command again as root/Administrator.
93 verbose exit [ -13, true ]
